Using pre-set license
Built from '2020.3/staging' branch; Version is '2020.3.13f1 (71691879b7f5) revision 7432472'; Using compiler version '192528614'; Build Type 'Release'
OS: 'Windows 10 Pro; OS build 19042.1288; Version 2009; 64bit' Language: 'en' Physical Memory: 16258 MB
BatchMode: 1, IsHumanControllingUs: 0, StartBugReporterOnCrash: 0, Is64bit: 1, IsPro: 0

 COMMAND LINE ARGUMENTS:
C:\Program Files\Unity\Hub\Editor\2020.3.13f1\Editor\Unity.exe
-adb2
-batchMode
-noUpm
-name
AssetImportWorker0
-projectPath
D:/GitHub/Shader_TestLab
-logFile
Logs/AssetImportWorker0.log
-srvPort
63788
Successfully changed project path to: D:/GitHub/Shader_TestLab
D:/GitHub/Shader_TestLab
Using Asset Import Pipeline V2.
Refreshing native plugins compatible for Editor in 41.00 ms, found 2 plugins.
Preloading 0 native plugins for Editor in 0.00 ms.
Initialize engine version: 2020.3.13f1 (71691879b7f5)
[Subsystems] Discovering subsystems at path C:/Program Files/Unity/Hub/Editor/2020.3.13f1/Editor/Data/Resources/UnitySubsystems
[Subsystems] Discovering subsystems at path D:/GitHub/Shader_TestLab/Assets
GfxDevice: creating device client; threaded=0
Direct3D:
    Version:  Direct3D 11.0 [level 11.1]
    Renderer: NVIDIA GeForce GTX 1050 Ti (ID=0x1c82)
    Vendor:   
    VRAM:     4018 MB
    Driver:   27.21.14.5671
Initialize mono
Mono path[0] = 'C:/Program Files/Unity/Hub/Editor/2020.3.13f1/Editor/Data/Managed'
Mono path[1] = 'C:/Program Files/Unity/Hub/Editor/2020.3.13f1/Editor/Data/MonoBleedingEdge/lib/mono/unityjit'
Mono config path = 'C:/Program Files/Unity/Hub/Editor/2020.3.13f1/Editor/Data/MonoBleedingEdge/etc'
Using monoOptions --debugger-agent=transport=dt_socket,embedding=1,server=y,suspend=n,address=127.0.0.1:56764
Begin MonoManager ReloadAssembly
Registering precompiled unity dll's ...
Register platform support module: C:/Program Files/Unity/Hub/Editor/2020.3.13f1/Editor/Data/PlaybackEngines/WindowsStandaloneSupport/UnityEditor.WindowsStandalone.Extensions.dll
Registered in 0.001978 seconds.
Native extension for WindowsStandalone target not found
Refreshing native plugins compatible for Editor in 38.61 ms, found 2 plugins.
Preloading 0 native plugins for Editor in 0.00 ms.
Mono: successfully reloaded assembly
- Completed reload, in  1.109 seconds
Platform modules already initialized, skipping
Registering precompiled user dll's ...
Registered in 0.002826 seconds.
Begin MonoManager ReloadAssembly
Native extension for WindowsStandalone target not found
Refreshing native plugins compatible for Editor in 38.13 ms, found 2 plugins.
Preloading 0 native plugins for Editor in 0.00 ms.
Mono: successfully reloaded assembly
- Completed reload, in  1.103 seconds
Platform modules already initialized, skipping
========================================================================
Worker process is ready to serve import requests
Launched and connected shader compiler UnityShaderCompiler.exe after 0.07 seconds
Refreshing native plugins compatible for Editor in 0.78 ms, found 2 plugins.
Preloading 0 native plugins for Editor in 0.00 ms.
Unloading 2272 Unused Serialized files (Serialized files now loaded: 0)
System memory in use before: 111.3 MB.
System memory in use after: 111.4 MB.

Unloading 20 unused Assets to reduce memory usage. Loaded Objects now: 2727.
Total: 3.056400 ms (FindLiveObjects: 0.326400 ms CreateObjectMapping: 0.223600 ms MarkObjects: 2.331500 ms  DeleteObjects: 0.173800 ms)

AssetImportParameters requested are different than current active one (requested -> active):
  custom:framework-win-MediaFoundation: 216162199b28c13a410421893ffa2e32 -> 
  custom:video-decoder-ogg-theora: a1e56fd34408186e4bbccfd4996cb3dc -> 
  custom:container-muxer-webm: aa71ff27fc2769a1b78a27578f13a17b -> 
  custom:container-demuxer-webm: 4f35f7cbe854078d1ac9338744f61a02 -> 
  custom:container-demuxer-ogg: 62fdf1f143b41e24485cea50d1cbac27 -> 
  custom:video-encoder-webm-vp8: eb34c28f22e8b96e1ab97ce403110664 -> 
  custom:video-decoder-webm-vp8: 9c59270c3fd7afecdb556c50c9e8de78 -> 
  custom:audio-decoder-ogg-vorbis: bf7c407c2cedff20999df2af8eb42d56 -> 
  custom:audio-encoder-webm-vorbis: bf7c407c2cedff20999df2af8eb42d56 -> 
========================================================================
Received Import Request.
  path: Assets/Art/Learning_Shader/Hoang_ShaderPractise/01-Basic Shader/Color+EmiColor+NormalColor 1.shader
  artifactKey: Guid(f21edeb6e280d4e44ba3f7980d9a46b8) Importer(815301076,1909f56bfc062723c751e8b465ee728b)
Start importing Assets/Art/Learning_Shader/Hoang_ShaderPractise/01-Basic Shader/Color+EmiColor+NormalColor 1.shader using Guid(f21edeb6e280d4e44ba3f7980d9a46b8) Importer(815301076,1909f56bfc062723c751e8b465ee728b)  -> (artifact id: '48e789742b0e9e12fd0f9f03fc39245b') in 0.044773 seconds 
  Import took 0.055499 seconds .

========================================================================
Received Import Request.
  Time since last request: 497.130579 seconds.
  path: Assets/Art/Learning_Shader/Hoang_ShaderPractise/01-Basic Shader/Color+EmiColor+NormalColor 1.shader
  artifactKey: Guid(f21edeb6e280d4e44ba3f7980d9a46b8) Importer(815301076,1909f56bfc062723c751e8b465ee728b)
Start importing Assets/Art/Learning_Shader/Hoang_ShaderPractise/01-Basic Shader/Color+EmiColor+NormalColor 1.shader using Guid(f21edeb6e280d4e44ba3f7980d9a46b8) Importer(815301076,1909f56bfc062723c751e8b465ee728b)  -> (artifact id: '3ec90126dcfd2fab980161a75e282d1c') in 0.001939 seconds 
  Import took 0.009289 seconds .

========================================================================
Received Import Request.
  Time since last request: 92.008468 seconds.
  path: Assets/Art/Learning_Shader/Hoang_ShaderPractise/01-Basic Shader/Color+EmiColor+NormalColor 1.shader
  artifactKey: Guid(f21edeb6e280d4e44ba3f7980d9a46b8) Importer(815301076,1909f56bfc062723c751e8b465ee728b)
Start importing Assets/Art/Learning_Shader/Hoang_ShaderPractise/01-Basic Shader/Color+EmiColor+NormalColor 1.shader using Guid(f21edeb6e280d4e44ba3f7980d9a46b8) Importer(815301076,1909f56bfc062723c751e8b465ee728b)  -> (artifact id: 'c87b3e0dcd805446172cf3a36593928d') in 0.002523 seconds 
  Import took 0.022215 seconds .

========================================================================
Received Import Request.
  Time since last request: 29.617366 seconds.
  path: Assets/Art/Learning_Shader/Hoang_ShaderPractise/01-Basic Shader/Color+EmiColor+NormalColor 1.shader
  artifactKey: Guid(f21edeb6e280d4e44ba3f7980d9a46b8) Importer(815301076,1909f56bfc062723c751e8b465ee728b)
Start importing Assets/Art/Learning_Shader/Hoang_ShaderPractise/01-Basic Shader/Color+EmiColor+NormalColor 1.shader using Guid(f21edeb6e280d4e44ba3f7980d9a46b8) Importer(815301076,1909f56bfc062723c751e8b465ee728b)  -> (artifact id: 'ca6deedf8baf558177b2678392e3c51b') in 0.002156 seconds 
  Import took 0.020167 seconds .

========================================================================
Received Import Request.
  Time since last request: 180.454889 seconds.
  path: Assets/Art/Learning_Shader/Hoang_ShaderPractise/01-Basic Shader/Color+EmiColor+NormalColor 1.shader
  artifactKey: Guid(f21edeb6e280d4e44ba3f7980d9a46b8) Importer(815301076,1909f56bfc062723c751e8b465ee728b)
Start importing Assets/Art/Learning_Shader/Hoang_ShaderPractise/01-Basic Shader/Color+EmiColor+NormalColor 1.shader using Guid(f21edeb6e280d4e44ba3f7980d9a46b8) Importer(815301076,1909f56bfc062723c751e8b465ee728b)  -> (artifact id: '08e838c643f876806988762991fdc418') in 0.001602 seconds 
  Import took 0.006372 seconds .

========================================================================
Received Import Request.
  Time since last request: 29.130888 seconds.
  path: Assets/Art/Learning_Shader/Hoang_ShaderPractise/01-Basic Shader/Color+EmiColor+NormalColor 1.shader
  artifactKey: Guid(f21edeb6e280d4e44ba3f7980d9a46b8) Importer(815301076,1909f56bfc062723c751e8b465ee728b)
Start importing Assets/Art/Learning_Shader/Hoang_ShaderPractise/01-Basic Shader/Color+EmiColor+NormalColor 1.shader using Guid(f21edeb6e280d4e44ba3f7980d9a46b8) Importer(815301076,1909f56bfc062723c751e8b465ee728b)  -> (artifact id: 'eee67d7e892b28204844553a7a90acda') in 0.002547 seconds 
  Import took 0.025438 seconds .

========================================================================
Received Import Request.
  Time since last request: 0.009050 seconds.
  path: Assets/Art/Learning_Shader/Hoang_ShaderPractise/01-Basic Shader/Color+EmiColor+NormalColor 1.shader
  artifactKey: Guid(f21edeb6e280d4e44ba3f7980d9a46b8) Importer(815301076,1909f56bfc062723c751e8b465ee728b)
Start importing Assets/Art/Learning_Shader/Hoang_ShaderPractise/01-Basic Shader/Color+EmiColor+NormalColor 1.shader using Guid(f21edeb6e280d4e44ba3f7980d9a46b8) Importer(815301076,1909f56bfc062723c751e8b465ee728b)  -> (artifact id: 'eee67d7e892b28204844553a7a90acda') in 0.001489 seconds 
  Import took 0.005673 seconds .

========================================================================
Received Import Request.
  Time since last request: 16470.379556 seconds.
  path: Assets/Art/Learning_Shader/CrashClash_ShaderRemake/SHD_Ramp.shadergraph
  artifactKey: Guid(62f1a79ed355deb45a7114ad4bcd0a56) Importer(815301076,1909f56bfc062723c751e8b465ee728b)
Start importing Assets/Art/Learning_Shader/CrashClash_ShaderRemake/SHD_Ramp.shadergraph using Guid(62f1a79ed355deb45a7114ad4bcd0a56) Importer(815301076,1909f56bfc062723c751e8b465ee728b)  -> (artifact id: 'af3d6d83179d9662bcc122220e451a4d') in 0.019948 seconds 
  Import took 0.225142 seconds .

========================================================================
Received Import Request.
  Time since last request: 6878.153693 seconds.
  path: Assets/Art/Learning_Shader/Hoang_ShaderPractise/01-Basic Shader/Color+EmiColor+NormalColor 1.shader
  artifactKey: Guid(f21edeb6e280d4e44ba3f7980d9a46b8) Importer(815301076,1909f56bfc062723c751e8b465ee728b)
Start importing Assets/Art/Learning_Shader/Hoang_ShaderPractise/01-Basic Shader/Color+EmiColor+NormalColor 1.shader using Guid(f21edeb6e280d4e44ba3f7980d9a46b8) Importer(815301076,1909f56bfc062723c751e8b465ee728b)  -> (artifact id: '355410a566d2d435e6c5f3184fb308f1') in 0.002246 seconds 
  Import took 0.093927 seconds .

========================================================================
Received Import Request.
  Time since last request: 33.848603 seconds.
  path: Assets/Art/Learning_Shader/Hoang_ShaderPractise/01-Basic Shader/Color+EmiColor+NormalColor 1.shader
  artifactKey: Guid(f21edeb6e280d4e44ba3f7980d9a46b8) Importer(815301076,1909f56bfc062723c751e8b465ee728b)
Start importing Assets/Art/Learning_Shader/Hoang_ShaderPractise/01-Basic Shader/Color+EmiColor+NormalColor 1.shader using Guid(f21edeb6e280d4e44ba3f7980d9a46b8) Importer(815301076,1909f56bfc062723c751e8b465ee728b)  -> (artifact id: 'a79105d55bd03e7526f1f797d5149cd3') in 0.001550 seconds 
  Import took 0.006791 seconds .

========================================================================
Received Import Request.
  Time since last request: 0.059300 seconds.
  path: Assets/Art/Learning_Shader/Hoang_ShaderPractise/01-Basic Shader/Color+EmiColor+NormalColor 1.shader
  artifactKey: Guid(f21edeb6e280d4e44ba3f7980d9a46b8) Importer(815301076,1909f56bfc062723c751e8b465ee728b)
Start importing Assets/Art/Learning_Shader/Hoang_ShaderPractise/01-Basic Shader/Color+EmiColor+NormalColor 1.shader using Guid(f21edeb6e280d4e44ba3f7980d9a46b8) Importer(815301076,1909f56bfc062723c751e8b465ee728b)  -> (artifact id: 'a79105d55bd03e7526f1f797d5149cd3') in 0.004338 seconds 
  Import took 0.011215 seconds .

========================================================================
Received Import Request.
  Time since last request: 33.877413 seconds.
  path: Assets/Art/Learning_Shader/Hoang_ShaderPractise/01-Basic Shader/Color+EmiColor+NormalColor 1.shader
  artifactKey: Guid(f21edeb6e280d4e44ba3f7980d9a46b8) Importer(815301076,1909f56bfc062723c751e8b465ee728b)
Start importing Assets/Art/Learning_Shader/Hoang_ShaderPractise/01-Basic Shader/Color+EmiColor+NormalColor 1.shader using Guid(f21edeb6e280d4e44ba3f7980d9a46b8) Importer(815301076,1909f56bfc062723c751e8b465ee728b)  -> (artifact id: '4aadf79b839233de0553b20d38a3e987') in 0.001887 seconds 
  Import took 0.020885 seconds .

========================================================================
Received Import Request.
  Time since last request: 0.039882 seconds.
  path: Assets/Art/Learning_Shader/Hoang_ShaderPractise/01-Basic Shader/Color+EmiColor+NormalColor 1.shader
  artifactKey: Guid(f21edeb6e280d4e44ba3f7980d9a46b8) Importer(815301076,1909f56bfc062723c751e8b465ee728b)
Start importing Assets/Art/Learning_Shader/Hoang_ShaderPractise/01-Basic Shader/Color+EmiColor+NormalColor 1.shader using Guid(f21edeb6e280d4e44ba3f7980d9a46b8) Importer(815301076,1909f56bfc062723c751e8b465ee728b)  -> (artifact id: '4aadf79b839233de0553b20d38a3e987') in 0.002292 seconds 
  Import took 0.009428 seconds .

========================================================================
Received Import Request.
  Time since last request: 83.053319 seconds.
  path: Assets/Art/Learning_Shader/Hoang_ShaderPractise/01-Basic Shader/Color+EmiColor+NormalColor 1.shader
  artifactKey: Guid(f21edeb6e280d4e44ba3f7980d9a46b8) Importer(815301076,1909f56bfc062723c751e8b465ee728b)
Start importing Assets/Art/Learning_Shader/Hoang_ShaderPractise/01-Basic Shader/Color+EmiColor+NormalColor 1.shader using Guid(f21edeb6e280d4e44ba3f7980d9a46b8) Importer(815301076,1909f56bfc062723c751e8b465ee728b)  -> (artifact id: 'c18edacaa23eb8e86a32c0049b95284d') in 0.001837 seconds 
  Import took 0.014037 seconds .

========================================================================
Received Import Request.
  Time since last request: 0.042639 seconds.
  path: Assets/Art/Learning_Shader/Hoang_ShaderPractise/01-Basic Shader/Color+EmiColor+NormalColor 1.shader
  artifactKey: Guid(f21edeb6e280d4e44ba3f7980d9a46b8) Importer(815301076,1909f56bfc062723c751e8b465ee728b)
Start importing Assets/Art/Learning_Shader/Hoang_ShaderPractise/01-Basic Shader/Color+EmiColor+NormalColor 1.shader using Guid(f21edeb6e280d4e44ba3f7980d9a46b8) Importer(815301076,1909f56bfc062723c751e8b465ee728b)  -> (artifact id: 'c18edacaa23eb8e86a32c0049b95284d') in 0.001860 seconds 
  Import took 0.006481 seconds .

========================================================================
Received Import Request.
  Time since last request: 23.077126 seconds.
  path: Assets/Art/Learning_Shader/Hoang_ShaderPractise/01-Basic Shader/Color+EmiColor+NormalColor 1.shader
  artifactKey: Guid(f21edeb6e280d4e44ba3f7980d9a46b8) Importer(815301076,1909f56bfc062723c751e8b465ee728b)
Start importing Assets/Art/Learning_Shader/Hoang_ShaderPractise/01-Basic Shader/Color+EmiColor+NormalColor 1.shader using Guid(f21edeb6e280d4e44ba3f7980d9a46b8) Importer(815301076,1909f56bfc062723c751e8b465ee728b)  -> (artifact id: 'fda7ae9426e66501c5d634b740045659') in 0.001720 seconds 
  Import took 0.029658 seconds .

========================================================================
Received Import Request.
  Time since last request: 0.011247 seconds.
  path: Assets/Art/Learning_Shader/Hoang_ShaderPractise/01-Basic Shader/Color+EmiColor+NormalColor 1.shader
  artifactKey: Guid(f21edeb6e280d4e44ba3f7980d9a46b8) Importer(815301076,1909f56bfc062723c751e8b465ee728b)
Start importing Assets/Art/Learning_Shader/Hoang_ShaderPractise/01-Basic Shader/Color+EmiColor+NormalColor 1.shader using Guid(f21edeb6e280d4e44ba3f7980d9a46b8) Importer(815301076,1909f56bfc062723c751e8b465ee728b)  -> (artifact id: 'fda7ae9426e66501c5d634b740045659') in 0.002040 seconds 
  Import took 0.007420 seconds .

========================================================================
Received Import Request.
  Time since last request: 24.220612 seconds.
  path: Assets/Art/Learning_Shader/Hoang_ShaderPractise/01-Basic Shader/Color+EmiColor+NormalColor 1.shader
  artifactKey: Guid(f21edeb6e280d4e44ba3f7980d9a46b8) Importer(815301076,1909f56bfc062723c751e8b465ee728b)
Start importing Assets/Art/Learning_Shader/Hoang_ShaderPractise/01-Basic Shader/Color+EmiColor+NormalColor 1.shader using Guid(f21edeb6e280d4e44ba3f7980d9a46b8) Importer(815301076,1909f56bfc062723c751e8b465ee728b)  -> (artifact id: 'cecf281ec5f5d97cce80000986e72f29') in 0.002558 seconds 
  Import took 0.029686 seconds .

========================================================================
Received Import Request.
  Time since last request: 0.013713 seconds.
  path: Assets/Art/Learning_Shader/Hoang_ShaderPractise/01-Basic Shader/Color+EmiColor+NormalColor 1.shader
  artifactKey: Guid(f21edeb6e280d4e44ba3f7980d9a46b8) Importer(815301076,1909f56bfc062723c751e8b465ee728b)
Start importing Assets/Art/Learning_Shader/Hoang_ShaderPractise/01-Basic Shader/Color+EmiColor+NormalColor 1.shader using Guid(f21edeb6e280d4e44ba3f7980d9a46b8) Importer(815301076,1909f56bfc062723c751e8b465ee728b)  -> (artifact id: 'cecf281ec5f5d97cce80000986e72f29') in 0.001930 seconds 
  Import took 0.007382 seconds .

========================================================================
Received Import Request.
  Time since last request: 34.793138 seconds.
  path: Assets/Art/Learning_Shader/Hoang_ShaderPractise/01-Basic Shader/Color+EmiColor+NormalColor 2.shader
  artifactKey: Guid(681b40108527c3a439a9d4cc09ba3301) Importer(815301076,1909f56bfc062723c751e8b465ee728b)
Start importing Assets/Art/Learning_Shader/Hoang_ShaderPractise/01-Basic Shader/Color+EmiColor+NormalColor 2.shader using Guid(681b40108527c3a439a9d4cc09ba3301) Importer(815301076,1909f56bfc062723c751e8b465ee728b)  -> (artifact id: '3046d934b821321575bb12bafe0d0a67') in 0.012868 seconds 
  Import took 0.050527 seconds .

========================================================================
Received Import Request.
  Time since last request: 50.673980 seconds.
  path: Assets/Art/Learning_Shader/Hoang_ShaderPractise/01-Basic Shader/Color+EmiColor+NormalColor 2.shader
  artifactKey: Guid(681b40108527c3a439a9d4cc09ba3301) Importer(815301076,1909f56bfc062723c751e8b465ee728b)
Start importing Assets/Art/Learning_Shader/Hoang_ShaderPractise/01-Basic Shader/Color+EmiColor+NormalColor 2.shader using Guid(681b40108527c3a439a9d4cc09ba3301) Importer(815301076,1909f56bfc062723c751e8b465ee728b)  -> (artifact id: 'ffbe8a721b3c90b2378433410266a87c') in 0.002086 seconds 
  Import took 0.007282 seconds .

========================================================================
Received Import Request.
  Time since last request: 6.878207 seconds.
  path: Assets/Art/Learning_Shader/Hoang_ShaderPractise/01-Basic Shader/NewUnlitShader.shader
  artifactKey: Guid(3890d63a3a78ee44fb4e29f8efc00ff7) Importer(815301076,1909f56bfc062723c751e8b465ee728b)
Start importing Assets/Art/Learning_Shader/Hoang_ShaderPractise/01-Basic Shader/NewUnlitShader.shader using Guid(3890d63a3a78ee44fb4e29f8efc00ff7) Importer(815301076,1909f56bfc062723c751e8b465ee728b)  -> (artifact id: 'a27585654a69d178ab54c5147662ee54') in 0.002994 seconds 
  Import took 0.029661 seconds .

========================================================================
Received Import Request.
  Time since last request: 69.201095 seconds.
  path: Assets/Art/Learning_Shader/Hoang_ShaderPractise/01-Basic Shader/NewUnlitShader.shader
  artifactKey: Guid(3890d63a3a78ee44fb4e29f8efc00ff7) Importer(815301076,1909f56bfc062723c751e8b465ee728b)
Start importing Assets/Art/Learning_Shader/Hoang_ShaderPractise/01-Basic Shader/NewUnlitShader.shader using Guid(3890d63a3a78ee44fb4e29f8efc00ff7) Importer(815301076,1909f56bfc062723c751e8b465ee728b)  -> (artifact id: 'eac415a2d89fa3fb62bbbdeef811d386') in 0.002038 seconds 
  Import took 0.157233 seconds .

========================================================================
Received Import Request.
  Time since last request: 11.581860 seconds.
  path: Assets/Art/Learning_Shader/Hoang_ShaderPractise/01-Basic Shader/Test_HLSL.shader
  artifactKey: Guid(3890d63a3a78ee44fb4e29f8efc00ff7) Importer(815301076,1909f56bfc062723c751e8b465ee728b)
Start importing Assets/Art/Learning_Shader/Hoang_ShaderPractise/01-Basic Shader/Test_HLSL.shader using Guid(3890d63a3a78ee44fb4e29f8efc00ff7) Importer(815301076,1909f56bfc062723c751e8b465ee728b)  -> (artifact id: 'd6f52b7acc2dc305a7a2229085132502') in 0.002339 seconds 
  Import took 0.208004 seconds .

AssetImportWorkerClient::OnTransportError - code=2 error=End of file
